#
# A fatal error has been detected by the Java Runtime Environment:
#
#  SIGSEGV (0xb) at pc=0x01253762, pid=32149, tid=3074411376
#
# JRE version: 6.0-b16
# Java VM: OpenJDK Client VM (14.0-b16 mixed mode, sharing linux-x86 )
# Distribution: Ubuntu 9.10, package 6b16-1.6.1-3ubuntu3
# Problematic frame:
# V  [libjvm.so+0x2fc762]
#
# If you would like to submit a bug report, please include
# instructions how to reproduce the bug and visit:
#   https://bugs.launchpad.net/ubuntu/+source/openjdk-6/
#

---------------  T H R E A D  ---------------

Current thread (0x09dc6400):  JavaThread "CompilerThread0" daemon [_thread_in_vm, id=32159, stack(0xb737c000,0xb73fd000)]

siginfo:si_signo=SIGSEGV: si_errno=0, si_code=1 (SEGV_MAPERR), si_addr=0x00000010

Registers:
EAX=0x00000000, EBX=0x01362ff4, ECX=0x01362ff4, EDX=0x00000500
ESP=0xb73fb9f0, EBP=0xb73fb9f8, ESI=0x00000500, EDI=0xb73fbaf0
EIP=0x01253762, CR2=0x00000010, EFLAGS=0x00010286

Top of Stack: (sp=0xb73fb9f0)
0xb73fb9f0:   01362ff4 b73fbaac b73fba18 012537bf
0xb73fba00:   00000500 01386760 00000000 0125378a
0xb73fba10:   01362ff4 b73fba80 b73fba58 01254065
0xb73fba20:   b73fbaac b73fbaac 01801d67 01801d67
0xb73fba30:   b73fba80 b73fbaf0 b73fba58 b73fbaac
0xb73fba40:   b73fbaac 01386760 b73fbdf0 01362ff4
0xb73fba50:   b73fba80 b73fbaf0 b73fbad8 01066ec5
0xb73fba60:   b73fba80 b73fbdf0 b73fbaf0 00000000 

Instructions: (pc=0x01253762)
0x01253752:   39 c6 7d 1a 83 ec 0c 56 e8 71 72 02 00 83 c4 10
0x01253762:   8b 40 10 8d 65 f8 5b 5e 5d c3 8d 74 26 00 8d 65 

Stack: [0xb737c000,0xb73fd000],  sp=0xb73fb9f0,  free space=510k
Native frames: (J=compiled Java code, j=interpreted, Vv=VM code, C=native code)
V  [libjvm.so+0x2fc762]
V  [libjvm.so+0x2fc7bf]
V  [libjvm.so+0x2fd065]
V  [libjvm.so+0x10fec5]
V  [libjvm.so+0x110821]
V  [libjvm.so+0x10d88f]
V  [libjvm.so+0x10da6b]
V  [libjvm.so+0x10e521]
V  [libjvm.so+0xcad81]
V  [libjvm.so+0xcae22]
V  [libjvm.so+0x37537]
V  [libjvm.so+0x74120]
V  [libjvm.so+0x740d7]
V  [libjvm.so+0x120842]
V  [libjvm.so+0x120f77]
V  [libjvm.so+0x3620b8]
V  [libjvm.so+0x36701c]
V  [libjvm.so+0x3670da]
V  [libjvm.so+0x2c6291]
C  [libpthread.so.0+0x580e]


Current CompileTask:
C1:  1      java.lang.String.lastIndexOf(II)I (156 bytes)


---------------  P R O C E S S  ---------------

Java Threads: ( => current thread )
  0x09dc9800 JavaThread "Low Memory Detector" daemon [_thread_blocked, id=32160, stack(0xb732b000,0xb737c000)]
=>0x09dc6400 JavaThread "CompilerThread0" daemon [_thread_in_vm, id=32159, stack(0xb737c000,0xb73fd000)]
  0x09dc4c00 JavaThread "Signal Dispatcher" daemon [_thread_blocked, id=32158, stack(0xb73fd000,0xb744e000)]
  0x09dbb800 JavaThread "Finalizer" daemon [_thread_blocked, id=32156, stack(0xb7494000,0xb74e5000)]
  0x09dba000 JavaThread "Reference Handler" daemon [_thread_blocked, id=32155, stack(0xb74e5000,0xb7536000)]
  0x09d8b800 JavaThread "main" [_thread_in_vm, id=32153, stack(0xb777f000,0xb77d0000)]

Other Threads:
  0x09db8400 VMThread [stack: 0xb7536000,0xb75b7000] [id=32154]
  0x09dcb400 WatcherThread [stack: 0xb72aa000,0xb732b000] [id=32161]

VM state:not at safepoint (normal execution)

VM Mutex/Monitor currently owned by a thread:  ([mutex/lock_event])
[0x09d88c30] CodeCache_lock - owner thread: 0x09dc6400
[0x09d89a00] AdapterHandlerLibrary_lock - owner thread: 0x09d8b800

Heap
 def new generation   total 960K, used 208K [0x71b60000, 0x71c60000, 0x742c0000)
  eden space 896K,  23% used [0x71b60000, 0x71b941c8, 0x71c40000)
  from space 64K,   0% used [0x71c40000, 0x71c40000, 0x71c50000)
  to   space 64K,   0% used [0x71c50000, 0x71c50000, 0x71c60000)
 tenured generation   total 4096K, used 0K [0x742c0000, 0x746c0000, 0x91b60000)
   the space 4096K,   0% used [0x742c0000, 0x742c0000, 0x742c0200, 0x746c0000)
 compacting perm gen  total 12288K, used 17K [0x91b60000, 0x92760000, 0x95b60000)
   the space 12288K,   0% used [0x91b60000, 0x91b64528, 0x91b64600, 0x92760000)
    ro space 8192K,  89% used [0x95b60000, 0x9628e680, 0x9628e800, 0x96360000)
    rw space 12288K,  59% used [0x96360000, 0x96a8d1f8, 0x96a8d200, 0x96f60000)

Dynamic libraries:
00110000-0024e000 r-xp 00000000 08:01 263268     /lib/tls/i686/cmov/libc-2.10.1.so
0024e000-0024f000 ---p 0013e000 08:01 263268     /lib/tls/i686/cmov/libc-2.10.1.so
0024f000-00251000 r--p 0013e000 08:01 263268     /lib/tls/i686/cmov/libc-2.10.1.so
00251000-00252000 rw-p 00140000 08:01 263268     /lib/tls/i686/cmov/libc-2.10.1.so
00252000-00255000 rw-p 00000000 00:00 0 
00255000-00261000 r-xp 00000000 08:01 278079     /usr/lib/jvm/java-6-openjdk/jre/lib/i386/libverify.so
00261000-00262000 r--p 0000b000 08:01 278079     /usr/lib/jvm/java-6-openjdk/jre/lib/i386/libverify.so
00262000-00263000 rw-p 0000c000 08:01 278079     /usr/lib/jvm/java-6-openjdk/jre/lib/i386/libverify.so
00263000-0026d000 r-xp 00000000 08:01 264491     /lib/tls/i686/cmov/libnss_files-2.10.1.so
0026d000-0026e000 r--p 00009000 08:01 264491     /lib/tls/i686/cmov/libnss_files-2.10.1.so
0026e000-0026f000 rw-p 0000a000 08:01 264491     /lib/tls/i686/cmov/libnss_files-2.10.1.so
0026f000-00276000 rwxp 00000000 00:00 0 
00283000-002a7000 r-xp 00000000 08:01 263670     /lib/tls/i686/cmov/libm-2.10.1.so
002a7000-002a8000 r--p 00023000 08:01 263670     /lib/tls/i686/cmov/libm-2.10.1.so
002a8000-002a9000 rw-p 00024000 08:01 263670     /lib/tls/i686/cmov/libm-2.10.1.so
002a9000-002b0000 rwxp 00000000 00:00 0 
002b0000-002ca000 rwxp 00000000 00:00 0 
00386000-0038c000 r-xp 00000000 08:01 264487     /lib/tls/i686/cmov/libnss_compat-2.10.1.so
0038c000-0038d000 r--p 00005000 08:01 264487     /lib/tls/i686/cmov/libnss_compat-2.10.1.so
0038d000-0038e000 rw-p 00006000 08:01 264487     /lib/tls/i686/cmov/libnss_compat-2.10.1.so
0038e000-0038f000 rwxp 00000000 00:00 0 
0038f000-003a1000 rwxp 00000000 00:00 0 
003a1000-003a4000 rwxp 00000000 00:00 0 
003a4000-0048e000 rwxp 00000000 00:00 0 
0048e000-00494000 rwxp 00000000 00:00 0 
00494000-004ae000 rwxp 00000000 00:00 0 
004ae000-004b9000 rwxp 00000000 00:00 0 
00573000-00574000 r-xp 00000000 00:00 0          [vdso]
00574000-00577000 rwxp 00000000 00:00 0 
00577000-00661000 rwxp 00000000 00:00 0 
006b2000-006bb000 r-xp 00000000 08:01 264495     /lib/tls/i686/cmov/libnss_nis-2.10.1.so
006bb000-006bc000 r--p 00008000 08:01 264495     /lib/tls/i686/cmov/libnss_nis-2.10.1.so
006bc000-006bd000 rw-p 00009000 08:01 264495     /lib/tls/i686/cmov/libnss_nis-2.10.1.so
006c5000-006c8000 r-xp 00000000 08:01 262923     /usr/lib/jvm/java-6-openjdk/jre/lib/i386/jli/libjli.so
006c8000-006c9000 r--p 00003000 08:01 262923     /usr/lib/jvm/java-6-openjdk/jre/lib/i386/jli/libjli.so
006c9000-006ca000 rw-p 00004000 08:01 262923     /usr/lib/jvm/java-6-openjdk/jre/lib/i386/jli/libjli.so
006f2000-00716000 r-xp 00000000 08:01 278063     /usr/lib/jvm/java-6-openjdk/jre/lib/i386/libjava.so
00716000-00717000 r--p 00023000 08:01 278063     /usr/lib/jvm/java-6-openjdk/jre/lib/i386/libjava.so
00717000-00719000 rw-p 00024000 08:01 278063     /usr/lib/jvm/java-6-openjdk/jre/lib/i386/libjava.so
0081b000-00836000 r-xp 00000000 08:01 6169       /lib/ld-2.10.1.so
00836000-00837000 r--p 0001a000 08:01 6169       /lib/ld-2.10.1.so
00837000-00838000 rw-p 0001b000 08:01 6169       /lib/ld-2.10.1.so
0086b000-00872000 r-xp 00000000 08:01 278080     /usr/lib/jvm/java-6-openjdk/jre/lib/i386/libzip.so
00872000-00873000 r--p 00006000 08:01 278080     /usr/lib/jvm/java-6-openjdk/jre/lib/i386/libzip.so
00873000-00874000 rw-p 00007000 08:01 278080     /usr/lib/jvm/java-6-openjdk/jre/lib/i386/libzip.so
0091d000-00930000 r-xp 00000000 08:01 264026     /lib/tls/i686/cmov/libnsl-2.10.1.so
00930000-00931000 r--p 00012000 08:01 264026     /lib/tls/i686/cmov/libnsl-2.10.1.so
00931000-00932000 rw-p 00013000 08:01 264026     /lib/tls/i686/cmov/libnsl-2.10.1.so
00932000-00934000 rw-p 00000000 00:00 0 
009ab000-009b0000 rwxp 00000000 00:00 0 
00af0000-00b05000 r-xp 00000000 08:01 264500     /lib/tls/i686/cmov/libpthread-2.10.1.so
00b05000-00b06000 r--p 00014000 08:01 264500     /lib/tls/i686/cmov/libpthread-2.10.1.so
00b06000-00b07000 rw-p 00015000 08:01 264500     /lib/tls/i686/cmov/libpthread-2.10.1.so
00b07000-00b09000 rw-p 00000000 00:00 0 
00c3f000-00c46000 r-xp 00000000 08:01 278081     /usr/lib/jvm/java-6-openjdk/jre/lib/i386/native_threads/libhpi.so
00c46000-00c47000 r--p 00006000 08:01 278081     /usr/lib/jvm/java-6-openjdk/jre/lib/i386/native_threads/libhpi.so
00c47000-00c48000 rw-p 00007000 08:01 278081     /usr/lib/jvm/java-6-openjdk/jre/lib/i386/native_threads/libhpi.so
00cfc000-00cfe000 r-xp 00000000 08:01 263326     /lib/tls/i686/cmov/libdl-2.10.1.so
00cfe000-00cff000 r--p 00001000 08:01 263326     /lib/tls/i686/cmov/libdl-2.10.1.so
00cff000-00d00000 rw-p 00002000 08:01 263326     /lib/tls/i686/cmov/libdl-2.10.1.so
00d59000-00d5b000 rwxp 00000000 00:00 0 
00d5b000-00dd9000 rwxp 00000000 00:00 0 
00ef2000-00ef9000 r-xp 00000000 08:01 264502     /lib/tls/i686/cmov/librt-2.10.1.so
00ef9000-00efa000 r--p 00006000 08:01 264502     /lib/tls/i686/cmov/librt-2.10.1.so
00efa000-00efb000 rw-p 00007000 08:01 264502     /lib/tls/i686/cmov/librt-2.10.1.so
00f41000-00f55000 r-xp 00000000 08:01 673        /lib/libz.so.1.2.3.3
00f55000-00f56000 r--p 00013000 08:01 673        /lib/libz.so.1.2.3.3
00f56000-00f57000 rw-p 00014000 08:01 673        /lib/libz.so.1.2.3.3
00f57000-0134c000 r-xp 00000000 08:01 262920     /usr/lib/jvm/java-6-openjdk/jre/lib/i386/client/libjvm.so
0134c000-0134d000 ---p 003f5000 08:01 262920     /usr/lib/jvm/java-6-openjdk/jre/lib/i386/client/libjvm.so
0134d000-01363000 r--p 003f5000 08:01 262920     /usr/lib/jvm/java-6-openjdk/jre/lib/i386/client/libjvm.so
01363000-0136f000 rw-p 0040b000 08:01 262920     /usr/lib/jvm/java-6-openjdk/jre/lib/i386/client/libjvm.so
0136f000-0178f000 rw-p 00000000 00:00 0 
0178f000-01807000 rwxp 00000000 00:00 0 
01807000-0378f000 rwxp 00000000 00:00 0 
08048000-08051000 r-xp 00000000 08:01 278451     /usr/lib/jvm/java-6-openjdk/jre/bin/java
08051000-08052000 r--p 00008000 08:01 278451     /usr/lib/jvm/java-6-openjdk/jre/bin/java
08052000-08053000 rw-p 00009000 08:01 278451     /usr/lib/jvm/java-6-openjdk/jre/bin/java
09d85000-09def000 rw-p 00000000 00:00 0          [heap]
71b60000-71c60000 rwxp 00000000 00:00 0 
71c60000-742c0000 rwxp 00000000 00:00 0 
742c0000-746c0000 rwxp 00000000 00:00 0 
746c0000-91b60000 rwxp 00000000 00:00 0 
91b60000-92760000 rwxp 00000000 00:00 0 
92760000-95b60000 rwxp 00000000 00:00 0 
95b60000-9628f000 r--s 00001000 08:01 269997     /usr/lib/jvm/java-6-openjdk/jre/lib/i386/client/classes.jsa
9628f000-96360000 rwxp 00000000 00:00 0 
96360000-96a8e000 rw-p 00730000 08:01 269997     /usr/lib/jvm/java-6-openjdk/jre/lib/i386/client/classes.jsa
96a8e000-96f60000 rwxp 00000000 00:00 0 
96f60000-97059000 rw-p 00e5e000 08:01 269997     /usr/lib/jvm/java-6-openjdk/jre/lib/i386/client/classes.jsa
97059000-97360000 rwxp 00000000 00:00 0 
97360000-97368000 r-xs 00f57000 08:01 269997     /usr/lib/jvm/java-6-openjdk/jre/lib/i386/client/classes.jsa
97368000-97760000 rwxp 00000000 00:00 0 
b72aa000-b72ab000 ---p 00000000 00:00 0 
b72ab000-b732b000 rw-p 00000000 00:00 0 
b732b000-b732e000 ---p 00000000 00:00 0 
b732e000-b737c000 rw-p 00000000 00:00 0 
b737c000-b737f000 ---p 00000000 00:00 0 
b737f000-b73fd000 rw-p 00000000 00:00 0 
b73fd000-b7400000 ---p 00000000 00:00 0 
b7400000-b744e000 rw-p 00000000 00:00 0 
b744e000-b7455000 r--s 00000000 08:01 393658     /usr/lib/gconv/gconv-modules.cache
b7455000-b7494000 r--p 00000000 08:01 918750     /usr/lib/locale/en_GB.utf8/LC_CTYPE
b7494000-b7497000 ---p 00000000 00:00 0 
b7497000-b74e5000 rw-p 00000000 00:00 0 
b74e5000-b74e8000 ---p 00000000 00:00 0 
b74e8000-b7536000 rw-p 00000000 00:00 0 
b7536000-b7537000 ---p 00000000 00:00 0 
b7537000-b75ea000 rw-p 00000000 00:00 0 
b75ea000-b777f000 r--s 038eb000 08:01 262918     /usr/lib/jvm/java-6-openjdk/jre/lib/rt.jar
b777f000-b7782000 ---p 00000000 00:00 0 
b7782000-b77d3000 rw-p 00000000 00:00 0 
b77dd000-b77e5000 rw-s 00000000 08:01 3932161    /tmp/hsperfdata_pieter/32149
b77e5000-b77e6000 rw-p 00000000 00:00 0 
b77e6000-b77e7000 r--p 00000000 00:00 0 
b77e7000-b77e9000 rw-p 00000000 00:00 0 
bfb3d000-bfb52000 rw-p 00000000 00:00 0          [stack]

VM Arguments:
jvm_args: -Dfile.encoding=UTF-8 
java_command: HelioPlot.Main
Launcher Type: SUN_STANDARD

Environment Variables:
PATH=/usr/local/sbin:/usr/local/bin:/usr/sbin:/usr/bin:/sbin:/bin:/usr/games
USERNAME=pieter
LD_LIBRARY_PATH=/usr/lib/jvm/java-6-openjdk/jre/lib/i386/client:/usr/lib/jvm/java-6-openjdk/jre/lib/i386:/usr/lib/jvm/java-6-openjdk/jre/../lib/i386
SHELL=/bin/bash
DISPLAY=:0.0

Signal Handlers:
SIGSEGV: [libjvm.so+0x393ce0], sa_mask[0]=0x7ffbfeff, sa_flags=0x10000004
SIGBUS: [libjvm.so+0x393ce0], sa_mask[0]=0x7ffbfeff, sa_flags=0x10000004
SIGFPE: [libjvm.so+0x2c2be0], sa_mask[0]=0x7ffbfeff, sa_flags=0x10000004
SIGPIPE: [libjvm.so+0x2c2be0], sa_mask[0]=0x7ffbfeff, sa_flags=0x10000004
SIGXFSZ: [libjvm.so+0x2c2be0], sa_mask[0]=0x7ffbfeff, sa_flags=0x10000004
SIGILL: [libjvm.so+0x2c2be0], sa_mask[0]=0x7ffbfeff, sa_flags=0x10000004
SIGUSR1: SIG_DFL, sa_mask[0]=0x00000000, sa_flags=0x00000000
SIGUSR2: [libjvm.so+0x2c22c0], sa_mask[0]=0x00000004, sa_flags=0x10000004
SIGHUP: [libjvm.so+0x2c4970], sa_mask[0]=0x7ffbfeff, sa_flags=0x10000004
SIGINT: SIG_IGN, sa_mask[0]=0x00000000, sa_flags=0x00000000
SIGTERM: [libjvm.so+0x2c4970], sa_mask[0]=0x7ffbfeff, sa_flags=0x10000004
SIGQUIT: [libjvm.so+0x2c4970], sa_mask[0]=0x7ffbfeff, sa_flags=0x10000004


---------------  S Y S T E M  ---------------

OS:Ubuntu 9.10 (karmic)
uname:Linux 2.6.31-21-generic #59-Ubuntu SMP Wed Mar 24 07:28:56 UTC 2010 i686
libc:glibc 2.10.1 NPTL 2.10.1 
rlimit: STACK 8192k, CORE 0k, NPROC infinity, NOFILE 1024, AS infinity
load average:0.46 0.62 0.43

CPU:total 2 (2 cores per cpu, 1 threads per core) family 15 model 104 stepping 1, cmov, cx8, fxsr, mmx, sse, sse2, sse3, mmxext, 3dnow, 3dnowext

Memory: 4k page, physical 896840k(77268k free), swap 2626588k(2396644k free)

vm_info: OpenJDK Client VM (14.0-b16) for linux-x86 JRE (1.6.0_0-b16), built on Apr  4 2010 20:02:50 by "buildd" with gcc 4.4.1

time: Fri May  7 16:34:48 2010
elapsed time: 0 seconds

