#
# A fatal error has been detected by the Java Runtime Environment:
#
#  SIGSEGV (0xb) at pc=0x01280812, pid=19884, tid=3073911664
#
# JRE version: 6.0-b16
# Java VM: OpenJDK Client VM (14.0-b16 mixed mode, sharing linux-x86 )
# Distribution: Ubuntu karmic (development branch), package 6b16-1.6.1-1ubuntu3
# Problematic frame:
# V  [libjvm.so+0x2fc812]
#
# If you would like to submit a bug report, please include
# instructions how to reproduce the bug and visit:
#   https://bugs.launchpad.net/ubuntu/+source/openjdk-6/
#

---------------  T H R E A D  ---------------

Current thread (0x09df4400):  JavaThread "CompilerThread0" daemon [_thread_in_vm, id=19893, stack(0xb7302000,0xb7383000)]

siginfo:si_signo=SIGSEGV: si_errno=0, si_code=1 (SEGV_MAPERR), si_addr=0x00000010

Registers:
EAX=0x00000000, EBX=0x0138fff4, ECX=0x0138fff4, EDX=0x00000c80
ESP=0xb7381a70, EBP=0xb7381a78, ESI=0x00000c80, EDI=0xb7381b70
EIP=0x01280812, CR2=0x00000010, EFLAGS=0x00210282

Top of Stack: (sp=0xb7381a70)
0xb7381a70:   0138fff4 b7381b2c b7381a98 0128086f
0xb7381a80:   00000c80 013b3760 00000000 0128083a
0xb7381a90:   0138fff4 b7381b00 b7381ad8 01281115
0xb7381aa0:   b7381b2c b7381b2c 05629167 05629167
0xb7381ab0:   b7381b00 b7381b70 b7381ad8 b7381b2c
0xb7381ac0:   b7381b2c 013b3760 b7381e70 0138fff4
0xb7381ad0:   b7381b00 b7381b70 b7381b58 01093ea5
0xb7381ae0:   b7381b00 b7381e70 b7381b70 00000000 

Instructions: (pc=0x01280812)
0x01280802:   39 c6 7d 1a 83 ec 0c 56 e8 71 72 02 00 83 c4 10
0x01280812:   8b 40 10 8d 65 f8 5b 5e 5d c3 8d 74 26 00 8d 65 

Stack: [0xb7302000,0xb7383000],  sp=0xb7381a70,  free space=510k
Native frames: (J=compiled Java code, j=interpreted, Vv=VM code, C=native code)
V  [libjvm.so+0x2fc812]
V  [libjvm.so+0x2fc86f]
V  [libjvm.so+0x2fd115]
V  [libjvm.so+0x10fea5]
V  [libjvm.so+0x110801]
V  [libjvm.so+0x10d86f]
V  [libjvm.so+0x10da4b]
V  [libjvm.so+0x10e501]
V  [libjvm.so+0xcad81]
V  [libjvm.so+0xcae22]
V  [libjvm.so+0x37537]
V  [libjvm.so+0x74120]
V  [libjvm.so+0x740d7]
V  [libjvm.so+0x120822]
V  [libjvm.so+0x120f57]
V  [libjvm.so+0x362108]
V  [libjvm.so+0x36706c]
V  [libjvm.so+0x36712a]
V  [libjvm.so+0x2c6341]
C  [libpthread.so.0+0x580e]


Current CompileTask:
C1:  1      java.lang.String.lastIndexOf(II)I (156 bytes)


---------------  P R O C E S S  ---------------

Java Threads: ( => current thread )
  0x09df7400 JavaThread "Low Memory Detector" daemon [_thread_blocked, id=19894, stack(0xb71af000,0xb7200000)]
=>0x09df4400 JavaThread "CompilerThread0" daemon [_thread_in_vm, id=19893, stack(0xb7302000,0xb7383000)]
  0x09df2c00 JavaThread "Signal Dispatcher" daemon [_thread_blocked, id=19892, stack(0xb7383000,0xb73d4000)]
  0x09de9800 JavaThread "Finalizer" daemon [_thread_blocked, id=19891, stack(0xb741a000,0xb746b000)]
  0x09de8000 JavaThread "Reference Handler" daemon [_thread_blocked, id=19890, stack(0xb746b000,0xb74bc000)]
  0x09db9800 JavaThread "main" [_thread_in_vm, id=19888, stack(0xb7705000,0xb7756000)]

Other Threads:
  0x09de6400 VMThread [stack: 0xb74bc000,0xb753d000] [id=19889]
  0x09df9400 WatcherThread [stack: 0xb712e000,0xb71af000] [id=19895]

VM state:not at safepoint (normal execution)

VM Mutex/Monitor currently owned by a thread:  ([mutex/lock_event])
[0x09db6c30] CodeCache_lock - owner thread: 0x09df4400

Heap
 def new generation   total 960K, used 208K [0x75c70000, 0x75d70000, 0x783d0000)
  eden space 896K,  23% used [0x75c70000, 0x75ca41c8, 0x75d50000)
  from space 64K,   0% used [0x75d50000, 0x75d50000, 0x75d60000)
  to   space 64K,   0% used [0x75d60000, 0x75d60000, 0x75d70000)
 tenured generation   total 4096K, used 0K [0x783d0000, 0x787d0000, 0x95c70000)
   the space 4096K,   0% used [0x783d0000, 0x783d0000, 0x783d0200, 0x787d0000)
 compacting perm gen  total 12288K, used 17K [0x95c70000, 0x96870000, 0x99c70000)
   the space 12288K,   0% used [0x95c70000, 0x95c74528, 0x95c74600, 0x96870000)
    ro space 8192K,  89% used [0x99c70000, 0x9a39dbe0, 0x9a39dc00, 0x9a470000)
    rw space 12288K,  59% used [0x9a470000, 0x9ab9c698, 0x9ab9c800, 0x9b070000)

Dynamic libraries:
00110000-00117000 r-xp 00000000 08:01 262561     /lib/tls/i686/cmov/librt-2.10.1.so
00117000-00118000 r--p 00006000 08:01 262561     /lib/tls/i686/cmov/librt-2.10.1.so
00118000-00119000 rw-p 00007000 08:01 262561     /lib/tls/i686/cmov/librt-2.10.1.so
00119000-0012c000 r-xp 00000000 08:01 262542     /lib/tls/i686/cmov/libnsl-2.10.1.so
0012c000-0012d000 r--p 00012000 08:01 262542     /lib/tls/i686/cmov/libnsl-2.10.1.so
0012d000-0012e000 rw-p 00013000 08:01 262542     /lib/tls/i686/cmov/libnsl-2.10.1.so
0012e000-00130000 rw-p 00000000 00:00 0 
00130000-00135000 rwxp 00000000 00:00 0 
00137000-0014b000 r-xp 00000000 08:01 673        /lib/libz.so.1.2.3.3
0014b000-0014c000 r--p 00013000 08:01 673        /lib/libz.so.1.2.3.3
0014c000-0014d000 rw-p 00014000 08:01 673        /lib/libz.so.1.2.3.3
0014d000-0028b000 r-xp 00000000 08:01 262531     /lib/tls/i686/cmov/libc-2.10.1.so
0028b000-0028d000 r--p 0013e000 08:01 262531     /lib/tls/i686/cmov/libc-2.10.1.so
0028d000-0028e000 rw-p 00140000 08:01 262531     /lib/tls/i686/cmov/libc-2.10.1.so
0028e000-00291000 rw-p 00000000 00:00 0 
00291000-00298000 rwxp 00000000 00:00 0 
002aa000-002ce000 r-xp 00000000 08:01 262539     /lib/tls/i686/cmov/libm-2.10.1.so
002ce000-002cf000 r--p 00023000 08:01 262539     /lib/tls/i686/cmov/libm-2.10.1.so
002cf000-002d0000 rw-p 00024000 08:01 262539     /lib/tls/i686/cmov/libm-2.10.1.so
002d0000-002d2000 rwxp 00000000 00:00 0 
002d2000-00350000 rwxp 00000000 00:00 0 
00350000-00357000 rwxp 00000000 00:00 0 
00357000-00371000 rwxp 00000000 00:00 0 
003af000-003b0000 rwxp 00000000 00:00 0 
003b0000-003c2000 rwxp 00000000 00:00 0 
003c2000-003c5000 rwxp 00000000 00:00 0 
003c5000-004af000 rwxp 00000000 00:00 0 
004af000-004b5000 rwxp 00000000 00:00 0 
004b5000-004cf000 rwxp 00000000 00:00 0 
004cf000-004dd000 rwxp 00000000 00:00 0 
004dd000-005c7000 rwxp 00000000 00:00 0 
0066b000-00686000 r-xp 00000000 08:01 521        /lib/ld-2.10.1.so
00686000-00687000 r--p 0001a000 08:01 521        /lib/ld-2.10.1.so
00687000-00688000 rw-p 0001b000 08:01 521        /lib/ld-2.10.1.so
00802000-00808000 r-xp 00000000 08:01 262544     /lib/tls/i686/cmov/libnss_compat-2.10.1.so
00808000-00809000 r--p 00005000 08:01 262544     /lib/tls/i686/cmov/libnss_compat-2.10.1.so
00809000-0080a000 rw-p 00006000 08:01 262544     /lib/tls/i686/cmov/libnss_compat-2.10.1.so
008ee000-008f8000 r-xp 00000000 08:01 262548     /lib/tls/i686/cmov/libnss_files-2.10.1.so
008f8000-008f9000 r--p 00009000 08:01 262548     /lib/tls/i686/cmov/libnss_files-2.10.1.so
008f9000-008fa000 rw-p 0000a000 08:01 262548     /lib/tls/i686/cmov/libnss_files-2.10.1.so
00910000-00917000 r-xp 00000000 08:01 271210     /usr/lib/jvm/java-6-openjdk/jre/lib/i386/libzip.so
00917000-00918000 r--p 00006000 08:01 271210     /usr/lib/jvm/java-6-openjdk/jre/lib/i386/libzip.so
00918000-00919000 rw-p 00007000 08:01 271210     /usr/lib/jvm/java-6-openjdk/jre/lib/i386/libzip.so
0097d000-00992000 r-xp 00000000 08:01 262557     /lib/tls/i686/cmov/libpthread-2.10.1.so
00992000-00993000 r--p 00014000 08:01 262557     /lib/tls/i686/cmov/libpthread-2.10.1.so
00993000-00994000 rw-p 00015000 08:01 262557     /lib/tls/i686/cmov/libpthread-2.10.1.so
00994000-00996000 rw-p 00000000 00:00 0 
00a6b000-00a8f000 r-xp 00000000 08:01 271193     /usr/lib/jvm/java-6-openjdk/jre/lib/i386/libjava.so
00a8f000-00a90000 r--p 00023000 08:01 271193     /usr/lib/jvm/java-6-openjdk/jre/lib/i386/libjava.so
00a90000-00a92000 rw-p 00024000 08:01 271193     /usr/lib/jvm/java-6-openjdk/jre/lib/i386/libjava.so
00b15000-00b16000 r-xp 00000000 00:00 0          [vdso]
00b3e000-00b4a000 r-xp 00000000 08:01 271209     /usr/lib/jvm/java-6-openjdk/jre/lib/i386/libverify.so
00b4a000-00b4b000 r--p 0000b000 08:01 271209     /usr/lib/jvm/java-6-openjdk/jre/lib/i386/libverify.so
00b4b000-00b4c000 rw-p 0000c000 08:01 271209     /usr/lib/jvm/java-6-openjdk/jre/lib/i386/libverify.so
00b4f000-00b58000 r-xp 00000000 08:01 262552     /lib/tls/i686/cmov/libnss_nis-2.10.1.so
00b58000-00b59000 r--p 00008000 08:01 262552     /lib/tls/i686/cmov/libnss_nis-2.10.1.so
00b59000-00b5a000 rw-p 00009000 08:01 262552     /lib/tls/i686/cmov/libnss_nis-2.10.1.so
00ea3000-00eaa000 r-xp 00000000 08:01 271211     /usr/lib/jvm/java-6-openjdk/jre/lib/i386/native_threads/libhpi.so
00eaa000-00eab000 r--p 00006000 08:01 271211     /usr/lib/jvm/java-6-openjdk/jre/lib/i386/native_threads/libhpi.so
00eab000-00eac000 rw-p 00007000 08:01 271211     /usr/lib/jvm/java-6-openjdk/jre/lib/i386/native_threads/libhpi.so
00ec5000-00ec8000 r-xp 00000000 08:01 271181     /usr/lib/jvm/java-6-openjdk/jre/lib/i386/jli/libjli.so
00ec8000-00ec9000 r--p 00003000 08:01 271181     /usr/lib/jvm/java-6-openjdk/jre/lib/i386/jli/libjli.so
00ec9000-00eca000 rw-p 00004000 08:01 271181     /usr/lib/jvm/java-6-openjdk/jre/lib/i386/jli/libjli.so
00f80000-00f82000 r-xp 00000000 08:01 262537     /lib/tls/i686/cmov/libdl-2.10.1.so
00f82000-00f83000 r--p 00001000 08:01 262537     /lib/tls/i686/cmov/libdl-2.10.1.so
00f83000-00f84000 rw-p 00002000 08:01 262537     /lib/tls/i686/cmov/libdl-2.10.1.so
00f84000-01379000 r-xp 00000000 08:01 271178     /usr/lib/jvm/java-6-openjdk/jre/lib/i386/client/libjvm.so
01379000-0137a000 ---p 003f5000 08:01 271178     /usr/lib/jvm/java-6-openjdk/jre/lib/i386/client/libjvm.so
0137a000-01390000 r--p 003f5000 08:01 271178     /usr/lib/jvm/java-6-openjdk/jre/lib/i386/client/libjvm.so
01390000-0139c000 rw-p 0040b000 08:01 271178     /usr/lib/jvm/java-6-openjdk/jre/lib/i386/client/libjvm.so
0139c000-017bc000 rw-p 00000000 00:00 0 
055b6000-0562e000 rwxp 00000000 00:00 0 
0562e000-075b6000 rwxp 00000000 00:00 0 
08048000-08051000 r-xp 00000000 08:01 271233     /usr/lib/jvm/java-6-openjdk/jre/bin/java
08051000-08052000 r--p 00008000 08:01 271233     /usr/lib/jvm/java-6-openjdk/jre/bin/java
08052000-08053000 rw-p 00009000 08:01 271233     /usr/lib/jvm/java-6-openjdk/jre/bin/java
09db3000-09e1d000 rw-p 00000000 00:00 0          [heap]
75c70000-75d70000 rwxp 00000000 00:00 0 
75d70000-783d0000 rwxp 00000000 00:00 0 
783d0000-787d0000 rwxp 00000000 00:00 0 
787d0000-95c70000 rwxp 00000000 00:00 0 
95c70000-96870000 rwxp 00000000 00:00 0 
96870000-99c70000 rwxp 00000000 00:00 0 
99c70000-9a39e000 r--s 00001000 08:01 275305     /usr/lib/jvm/java-6-openjdk/jre/lib/i386/client/classes.jsa
9a39e000-9a470000 rwxp 00000000 00:00 0 
9a470000-9ab9d000 rw-p 0072f000 08:01 275305     /usr/lib/jvm/java-6-openjdk/jre/lib/i386/client/classes.jsa
9ab9d000-9b070000 rwxp 00000000 00:00 0 
9b070000-9b169000 rw-p 00e5c000 08:01 275305     /usr/lib/jvm/java-6-openjdk/jre/lib/i386/client/classes.jsa
9b169000-9b470000 rwxp 00000000 00:00 0 
9b470000-9b478000 r-xs 00f55000 08:01 275305     /usr/lib/jvm/java-6-openjdk/jre/lib/i386/client/classes.jsa
9b478000-9b870000 rwxp 00000000 00:00 0 
b712e000-b712f000 ---p 00000000 00:00 0 
b712f000-b71af000 rw-p 00000000 00:00 0 
b71af000-b71b2000 ---p 00000000 00:00 0 
b71b2000-b7200000 rw-p 00000000 00:00 0 
b7200000-b7221000 rw-p 00000000 00:00 0 
b7221000-b7300000 ---p 00000000 00:00 0 
b7302000-b7305000 ---p 00000000 00:00 0 
b7305000-b7383000 rw-p 00000000 00:00 0 
b7383000-b7386000 ---p 00000000 00:00 0 
b7386000-b73d4000 rw-p 00000000 00:00 0 
b73d4000-b73db000 r--s 00000000 08:01 394602     /usr/lib/gconv/gconv-modules.cache
b73db000-b741a000 r--p 00000000 08:01 918750     /usr/lib/locale/en_GB.utf8/LC_CTYPE
b741a000-b741d000 ---p 00000000 00:00 0 
b741d000-b746b000 rw-p 00000000 00:00 0 
b746b000-b746e000 ---p 00000000 00:00 0 
b746e000-b74bc000 rw-p 00000000 00:00 0 
b74bc000-b74bd000 ---p 00000000 00:00 0 
b74bd000-b7570000 rw-p 00000000 00:00 0 
b7570000-b7705000 r--s 038e4000 08:01 271176     /usr/lib/jvm/java-6-openjdk/jre/lib/rt.jar
b7705000-b7708000 ---p 00000000 00:00 0 
b7708000-b7759000 rw-p 00000000 00:00 0 
b775b000-b775e000 r--s 0000f000 08:01 270208     /usr/lib/jvm/java-6-openjdk/jre/lib/ext/pulse-java.jar
b775e000-b7766000 rw-s 00000000 08:01 702311     /tmp/hsperfdata_pieter/19884
b7766000-b7767000 rw-p 00000000 00:00 0 
b7767000-b7768000 r--p 00000000 00:00 0 
b7768000-b776a000 rw-p 00000000 00:00 0 
bfb2c000-bfb41000 rw-p 00000000 00:00 0          [stack]

VM Arguments:
jvm_args: -Dfile.encoding=UTF-8 
java_command: HelioPlot.Main
Launcher Type: SUN_STANDARD

Environment Variables:
PATH=/usr/local/sbin:/usr/local/bin:/usr/sbin:/usr/bin:/sbin:/bin:/usr/games
USERNAME=pieter
LD_LIBRARY_PATH=/usr/lib/jvm/java-6-openjdk/jre/lib/i386/client:/usr/lib/jvm/java-6-openjdk/jre/lib/i386:/usr/lib/jvm/java-6-openjdk/jre/../lib/i386
SHELL=/bin/bash
DISPLAY=:0.0

Signal Handlers:
SIGSEGV: [libjvm.so+0x393d30], sa_mask[0]=0x7ffbfeff, sa_flags=0x10000004
SIGBUS: [libjvm.so+0x393d30], sa_mask[0]=0x7ffbfeff, sa_flags=0x10000004
SIGFPE: [libjvm.so+0x2c2c90], sa_mask[0]=0x7ffbfeff, sa_flags=0x10000004
SIGPIPE: [libjvm.so+0x2c2c90], sa_mask[0]=0x7ffbfeff, sa_flags=0x10000004
SIGXFSZ: [libjvm.so+0x2c2c90], sa_mask[0]=0x7ffbfeff, sa_flags=0x10000004
SIGILL: [libjvm.so+0x2c2c90], sa_mask[0]=0x7ffbfeff, sa_flags=0x10000004
SIGUSR1: SIG_DFL, sa_mask[0]=0x00000000, sa_flags=0x00000000
SIGUSR2: [libjvm.so+0x2c2370], sa_mask[0]=0x00000004, sa_flags=0x10000004
SIGHUP: [libjvm.so+0x2c4a20], sa_mask[0]=0x7ffbfeff, sa_flags=0x10000004
SIGINT: SIG_IGN, sa_mask[0]=0x00000000, sa_flags=0x00000000
SIGTERM: [libjvm.so+0x2c4a20], sa_mask[0]=0x7ffbfeff, sa_flags=0x10000004
SIGQUIT: [libjvm.so+0x2c4a20], sa_mask[0]=0x7ffbfeff, sa_flags=0x10000004


---------------  S Y S T E M  ---------------

OS:Ubuntu 9.10 (karmic)
uname:Linux 2.6.31-14-generic #48-Ubuntu SMP Fri Oct 16 14:04:26 UTC 2009 i686
libc:glibc 2.10.1 NPTL 2.10.1 
rlimit: STACK 8192k, CORE 0k, NPROC infinity, NOFILE 1024, AS infinity
load average:0.13 0.19 0.26

CPU:total 2 (2 cores per cpu, 1 threads per core) family 15 model 104 stepping 1, cmov, cx8, fxsr, mmx, sse, sse2, sse3, mmxext, 3dnow, 3dnowext

Memory: 4k page, physical 896860k(134664k free), swap 2626588k(2514948k free)

vm_info: OpenJDK Client VM (14.0-b16) for linux-x86 JRE (1.6.0_0-b16), built on Oct  8 2009 12:14:52 by "buildd" with gcc 4.4.1

time: Thu Nov  5 15:40:20 2009
elapsed time: 0 seconds

