#
# A fatal error has been detected by the Java Runtime Environment:
#
#  SIGSEGV (0xb) at pc=0x011ac762, pid=28400, tid=3074431856
#
# JRE version: 6.0-b16
# Java VM: OpenJDK Client VM (14.0-b16 mixed mode, sharing linux-x86 )
# Distribution: Ubuntu 9.10, package 6b16-1.6.1-3ubuntu3
# Problematic frame:
# V  [libjvm.so+0x2fc762]
#
# If you would like to submit a bug report, please include
# instructions how to reproduce the bug and visit:
#   https://bugs.launchpad.net/ubuntu/+source/openjdk-6/
#

---------------  T H R E A D  ---------------

Current thread (0x095cf400):  JavaThread "CompilerThread0" daemon [_thread_in_vm, id=28409, stack(0xb7381000,0xb7402000)]

siginfo:si_signo=SIGSEGV: si_errno=0, si_code=1 (SEGV_MAPERR), si_addr=0x00000010

Registers:
EAX=0x00000000, EBX=0x012bbff4, ECX=0x012bbff4, EDX=0x00000500
ESP=0xb7400870, EBP=0xb7400878, ESI=0x00000500, EDI=0xb7400970
EIP=0x011ac762, CR2=0x00000010, EFLAGS=0x00210282

Top of Stack: (sp=0xb7400870)
0xb7400870:   012bbff4 b740092c b7400898 011ac7bf
0xb7400880:   00000500 012df760 00000000 011ac78a
0xb7400890:   012bbff4 b7400900 b74008d8 011ad065
0xb74008a0:   b740092c b740092c 022c67e7 022c67e7
0xb74008b0:   b7400900 b7400970 b74008d8 b740092c
0xb74008c0:   b740092c 012df760 b7400c70 012bbff4
0xb74008d0:   b7400900 b7400970 b7400958 00fbfec5
0xb74008e0:   b7400900 b7400c70 b7400970 00000000 

Instructions: (pc=0x011ac762)
0x011ac752:   39 c6 7d 1a 83 ec 0c 56 e8 71 72 02 00 83 c4 10
0x011ac762:   8b 40 10 8d 65 f8 5b 5e 5d c3 8d 74 26 00 8d 65 

Stack: [0xb7381000,0xb7402000],  sp=0xb7400870,  free space=510k
Native frames: (J=compiled Java code, j=interpreted, Vv=VM code, C=native code)
V  [libjvm.so+0x2fc762]
V  [libjvm.so+0x2fc7bf]
V  [libjvm.so+0x2fd065]
V  [libjvm.so+0x10fec5]
V  [libjvm.so+0x110821]
V  [libjvm.so+0x10d88f]
V  [libjvm.so+0x10da6b]
V  [libjvm.so+0x10e521]
V  [libjvm.so+0xcad81]
V  [libjvm.so+0xcae22]
V  [libjvm.so+0x37537]
V  [libjvm.so+0x74120]
V  [libjvm.so+0x740d7]
V  [libjvm.so+0x120842]
V  [libjvm.so+0x120f77]
V  [libjvm.so+0x3620b8]
V  [libjvm.so+0x36701c]
V  [libjvm.so+0x3670da]
V  [libjvm.so+0x2c6291]
C  [libpthread.so.0+0x580e]


Current CompileTask:
C1:  1      java.lang.String.lastIndexOf(II)I (156 bytes)


---------------  P R O C E S S  ---------------

Java Threads: ( => current thread )
  0x095d1400 JavaThread "Low Memory Detector" daemon [_thread_blocked, id=28410, stack(0xb7330000,0xb7381000)]
=>0x095cf400 JavaThread "CompilerThread0" daemon [_thread_in_vm, id=28409, stack(0xb7381000,0xb7402000)]
  0x095cdc00 JavaThread "Signal Dispatcher" daemon [_thread_blocked, id=28408, stack(0xb7402000,0xb7453000)]
  0x095c4800 JavaThread "Finalizer" daemon [_thread_blocked, id=28407, stack(0xb7499000,0xb74ea000)]
  0x095c3000 JavaThread "Reference Handler" daemon [_thread_blocked, id=28406, stack(0xb74ea000,0xb753b000)]
  0x09594800 JavaThread "main" [_thread_in_vm, id=28404, stack(0xb7784000,0xb77d5000)]

Other Threads:
  0x095c1400 VMThread [stack: 0xb753b000,0xb75bc000] [id=28405]
  0x095d4400 WatcherThread [stack: 0xb717f000,0xb7200000] [id=28411]

VM state:not at safepoint (normal execution)

VM Mutex/Monitor currently owned by a thread:  ([mutex/lock_event])
[0x09591c30] CodeCache_lock - owner thread: 0x095cf400

Heap
 def new generation   total 960K, used 353K [0x71b60000, 0x71c60000, 0x742c0000)
  eden space 896K,  39% used [0x71b60000, 0x71bb8680, 0x71c40000)
  from space 64K,   0% used [0x71c40000, 0x71c40000, 0x71c50000)
  to   space 64K,   0% used [0x71c50000, 0x71c50000, 0x71c60000)
 tenured generation   total 4096K, used 0K [0x742c0000, 0x746c0000, 0x91b60000)
   the space 4096K,   0% used [0x742c0000, 0x742c0000, 0x742c0200, 0x746c0000)
 compacting perm gen  total 12288K, used 19K [0x91b60000, 0x92760000, 0x95b60000)
   the space 12288K,   0% used [0x91b60000, 0x91b64e50, 0x91b65000, 0x92760000)
    ro space 8192K,  89% used [0x95b60000, 0x9628e680, 0x9628e800, 0x96360000)
    rw space 12288K,  59% used [0x96360000, 0x96a8d1f8, 0x96a8d200, 0x96f60000)

Dynamic libraries:
00110000-00117000 r-xp 00000000 08:01 278081     /usr/lib/jvm/java-6-openjdk/jre/lib/i386/native_threads/libhpi.so
00117000-00118000 r--p 00006000 08:01 278081     /usr/lib/jvm/java-6-openjdk/jre/lib/i386/native_threads/libhpi.so
00118000-00119000 rw-p 00007000 08:01 278081     /usr/lib/jvm/java-6-openjdk/jre/lib/i386/native_threads/libhpi.so
00119000-00123000 r-xp 00000000 08:01 264491     /lib/tls/i686/cmov/libnss_files-2.10.1.so
00123000-00124000 r--p 00009000 08:01 264491     /lib/tls/i686/cmov/libnss_files-2.10.1.so
00124000-00125000 rw-p 0000a000 08:01 264491     /lib/tls/i686/cmov/libnss_files-2.10.1.so
00125000-0012c000 r-xp 00000000 08:01 278080     /usr/lib/jvm/java-6-openjdk/jre/lib/i386/libzip.so
0012c000-0012d000 r--p 00006000 08:01 278080     /usr/lib/jvm/java-6-openjdk/jre/lib/i386/libzip.so
0012d000-0012e000 rw-p 00007000 08:01 278080     /usr/lib/jvm/java-6-openjdk/jre/lib/i386/libzip.so
0012e000-00130000 rwxp 00000000 00:00 0 
00130000-001ae000 rwxp 00000000 00:00 0 
001ae000-001b5000 rwxp 00000000 00:00 0 
001b5000-001cf000 rwxp 00000000 00:00 0 
00271000-00285000 r-xp 00000000 08:01 673        /lib/libz.so.1.2.3.3
00285000-00286000 r--p 00013000 08:01 673        /lib/libz.so.1.2.3.3
00286000-00287000 rw-p 00014000 08:01 673        /lib/libz.so.1.2.3.3
00367000-0038b000 r-xp 00000000 08:01 278063     /usr/lib/jvm/java-6-openjdk/jre/lib/i386/libjava.so
0038b000-0038c000 r--p 00023000 08:01 278063     /usr/lib/jvm/java-6-openjdk/jre/lib/i386/libjava.so
0038c000-0038e000 rw-p 00024000 08:01 278063     /usr/lib/jvm/java-6-openjdk/jre/lib/i386/libjava.so
0038e000-0038f000 rwxp 00000000 00:00 0 
0038f000-003a1000 rwxp 00000000 00:00 0 
003a1000-003a4000 rwxp 00000000 00:00 0 
003a4000-0048e000 rwxp 00000000 00:00 0 
0048e000-00494000 rwxp 00000000 00:00 0 
00494000-004ae000 rwxp 00000000 00:00 0 
004ae000-004b9000 rwxp 00000000 00:00 0 
0052a000-00531000 r-xp 00000000 08:01 264502     /lib/tls/i686/cmov/librt-2.10.1.so
00531000-00532000 r--p 00006000 08:01 264502     /lib/tls/i686/cmov/librt-2.10.1.so
00532000-00533000 rw-p 00007000 08:01 264502     /lib/tls/i686/cmov/librt-2.10.1.so
00574000-0058f000 r-xp 00000000 08:01 6169       /lib/ld-2.10.1.so
0058f000-00590000 r--p 0001a000 08:01 6169       /lib/ld-2.10.1.so
00590000-00591000 rw-p 0001b000 08:01 6169       /lib/ld-2.10.1.so
0065b000-0066e000 r-xp 00000000 08:01 264026     /lib/tls/i686/cmov/libnsl-2.10.1.so
0066e000-0066f000 r--p 00012000 08:01 264026     /lib/tls/i686/cmov/libnsl-2.10.1.so
0066f000-00670000 rw-p 00013000 08:01 264026     /lib/tls/i686/cmov/libnsl-2.10.1.so
00670000-00672000 rw-p 00000000 00:00 0 
006a6000-006af000 r-xp 00000000 08:01 264495     /lib/tls/i686/cmov/libnss_nis-2.10.1.so
006af000-006b0000 r--p 00008000 08:01 264495     /lib/tls/i686/cmov/libnss_nis-2.10.1.so
006b0000-006b1000 rw-p 00009000 08:01 264495     /lib/tls/i686/cmov/libnss_nis-2.10.1.so
006b1000-006b4000 rwxp 00000000 00:00 0 
006b4000-0079e000 rwxp 00000000 00:00 0 
00831000-00846000 r-xp 00000000 08:01 264500     /lib/tls/i686/cmov/libpthread-2.10.1.so
00846000-00847000 r--p 00014000 08:01 264500     /lib/tls/i686/cmov/libpthread-2.10.1.so
00847000-00848000 rw-p 00015000 08:01 264500     /lib/tls/i686/cmov/libpthread-2.10.1.so
00848000-0084a000 rw-p 00000000 00:00 0 
00873000-00875000 r-xp 00000000 08:01 263326     /lib/tls/i686/cmov/libdl-2.10.1.so
00875000-00876000 r--p 00001000 08:01 263326     /lib/tls/i686/cmov/libdl-2.10.1.so
00876000-00877000 rw-p 00002000 08:01 263326     /lib/tls/i686/cmov/libdl-2.10.1.so
008ea000-008ef000 rwxp 00000000 00:00 0 
00983000-00984000 r-xp 00000000 00:00 0          [vdso]
00aff000-00b0b000 r-xp 00000000 08:01 278079     /usr/lib/jvm/java-6-openjdk/jre/lib/i386/libverify.so
00b0b000-00b0c000 r--p 0000b000 08:01 278079     /usr/lib/jvm/java-6-openjdk/jre/lib/i386/libverify.so
00b0c000-00b0d000 rw-p 0000c000 08:01 278079     /usr/lib/jvm/java-6-openjdk/jre/lib/i386/libverify.so
00b15000-00b1c000 rwxp 00000000 00:00 0 
00b7f000-00cbd000 r-xp 00000000 08:01 263268     /lib/tls/i686/cmov/libc-2.10.1.so
00cbd000-00cbe000 ---p 0013e000 08:01 263268     /lib/tls/i686/cmov/libc-2.10.1.so
00cbe000-00cc0000 r--p 0013e000 08:01 263268     /lib/tls/i686/cmov/libc-2.10.1.so
00cc0000-00cc1000 rw-p 00140000 08:01 263268     /lib/tls/i686/cmov/libc-2.10.1.so
00cc1000-00cc4000 rw-p 00000000 00:00 0 
00d48000-00d4e000 r-xp 00000000 08:01 264487     /lib/tls/i686/cmov/libnss_compat-2.10.1.so
00d4e000-00d4f000 r--p 00005000 08:01 264487     /lib/tls/i686/cmov/libnss_compat-2.10.1.so
00d4f000-00d50000 rw-p 00006000 08:01 264487     /lib/tls/i686/cmov/libnss_compat-2.10.1.so
00df1000-00e15000 r-xp 00000000 08:01 263670     /lib/tls/i686/cmov/libm-2.10.1.so
00e15000-00e16000 r--p 00023000 08:01 263670     /lib/tls/i686/cmov/libm-2.10.1.so
00e16000-00e17000 rw-p 00024000 08:01 263670     /lib/tls/i686/cmov/libm-2.10.1.so
00eab000-00eae000 r-xp 00000000 08:01 262923     /usr/lib/jvm/java-6-openjdk/jre/lib/i386/jli/libjli.so
00eae000-00eaf000 r--p 00003000 08:01 262923     /usr/lib/jvm/java-6-openjdk/jre/lib/i386/jli/libjli.so
00eaf000-00eb0000 rw-p 00004000 08:01 262923     /usr/lib/jvm/java-6-openjdk/jre/lib/i386/jli/libjli.so
00eb0000-012a5000 r-xp 00000000 08:01 262920     /usr/lib/jvm/java-6-openjdk/jre/lib/i386/client/libjvm.so
012a5000-012a6000 ---p 003f5000 08:01 262920     /usr/lib/jvm/java-6-openjdk/jre/lib/i386/client/libjvm.so
012a6000-012bc000 r--p 003f5000 08:01 262920     /usr/lib/jvm/java-6-openjdk/jre/lib/i386/client/libjvm.so
012bc000-012c8000 rw-p 0040b000 08:01 262920     /usr/lib/jvm/java-6-openjdk/jre/lib/i386/client/libjvm.so
012c8000-016e8000 rw-p 00000000 00:00 0 
02253000-022cb000 rwxp 00000000 00:00 0 
022cb000-04253000 rwxp 00000000 00:00 0 
08048000-08051000 r-xp 00000000 08:01 278451     /usr/lib/jvm/java-6-openjdk/jre/bin/java
08051000-08052000 r--p 00008000 08:01 278451     /usr/lib/jvm/java-6-openjdk/jre/bin/java
08052000-08053000 rw-p 00009000 08:01 278451     /usr/lib/jvm/java-6-openjdk/jre/bin/java
0958e000-09616000 rw-p 00000000 00:00 0          [heap]
71b60000-71c60000 rwxp 00000000 00:00 0 
71c60000-742c0000 rwxp 00000000 00:00 0 
742c0000-746c0000 rwxp 00000000 00:00 0 
746c0000-91b60000 rwxp 00000000 00:00 0 
91b60000-92760000 rwxp 00000000 00:00 0 
92760000-95b60000 rwxp 00000000 00:00 0 
95b60000-9628f000 r--s 00001000 08:01 269997     /usr/lib/jvm/java-6-openjdk/jre/lib/i386/client/classes.jsa
9628f000-96360000 rwxp 00000000 00:00 0 
96360000-96a8e000 rw-p 00730000 08:01 269997     /usr/lib/jvm/java-6-openjdk/jre/lib/i386/client/classes.jsa
96a8e000-96f60000 rwxp 00000000 00:00 0 
96f60000-97059000 rw-p 00e5e000 08:01 269997     /usr/lib/jvm/java-6-openjdk/jre/lib/i386/client/classes.jsa
97059000-97360000 rwxp 00000000 00:00 0 
97360000-97368000 r-xs 00f57000 08:01 269997     /usr/lib/jvm/java-6-openjdk/jre/lib/i386/client/classes.jsa
97368000-97760000 rwxp 00000000 00:00 0 
b717f000-b7180000 ---p 00000000 00:00 0 
b7180000-b7200000 rw-p 00000000 00:00 0 
b7200000-b7221000 rw-p 00000000 00:00 0 
b7221000-b7300000 ---p 00000000 00:00 0 
b7311000-b7318000 r--s 0005b000 08:01 576018     /home/pieter/Documents/Programming/Libraries/jhbasic.jar
b7318000-b731a000 r--s 00007000 08:01 576017     /home/pieter/Documents/Programming/Libraries/Jama-1.0.2.jar
b731a000-b731c000 r--s 0000a000 08:01 576016     /home/pieter/Documents/Programming/Libraries/freehep-util-2.0.2.jar
b731c000-b7322000 r--s 0002f000 08:01 576015     /home/pieter/Documents/Programming/Libraries/freehep-swing-2.0.3.jar
b7322000-b7324000 r--s 0000e000 08:01 576014     /home/pieter/Documents/Programming/Libraries/freehep-io-2.0.2.jar
b7324000-b7327000 r--s 00010000 08:01 576013     /home/pieter/Documents/Programming/Libraries/freehep-graphicsio-pdf-2.1.1.jar
b7327000-b7330000 r--s 00065000 08:01 400284     /usr/share/java/gnome-java-bridge.jar
b7330000-b7333000 ---p 00000000 00:00 0 
b7333000-b7381000 rw-p 00000000 00:00 0 
b7381000-b7384000 ---p 00000000 00:00 0 
b7384000-b7402000 rw-p 00000000 00:00 0 
b7402000-b7405000 ---p 00000000 00:00 0 
b7405000-b7453000 rw-p 00000000 00:00 0 
b7453000-b745a000 r--s 00000000 08:01 393658     /usr/lib/gconv/gconv-modules.cache
b745a000-b7499000 r--p 00000000 08:01 918750     /usr/lib/locale/en_GB.utf8/LC_CTYPE
b7499000-b749c000 ---p 00000000 00:00 0 
b749c000-b74ea000 rw-p 00000000 00:00 0 
b74ea000-b74ed000 ---p 00000000 00:00 0 
b74ed000-b753b000 rw-p 00000000 00:00 0 
b753b000-b753c000 ---p 00000000 00:00 0 
b753c000-b75ef000 rw-p 00000000 00:00 0 
b75ef000-b7784000 r--s 038eb000 08:01 262918     /usr/lib/jvm/java-6-openjdk/jre/lib/rt.jar
b7784000-b7787000 ---p 00000000 00:00 0 
b7787000-b77d8000 rw-p 00000000 00:00 0 
b77d8000-b77dc000 r--s 0002a000 08:01 576010     /home/pieter/Documents/Programming/Libraries/freehep-graphicsio-2.1.1.jar
b77dc000-b77de000 r--s 0001d000 08:01 576009     /home/pieter/Documents/Programming/Libraries/freehep-graphics2d-2.1.1.jar
b77de000-b77df000 r--s 00004000 08:01 576008     /home/pieter/Documents/Programming/Libraries/freehep-export-2.1.1.jar
b77df000-b77e2000 r--s 0000f000 08:01 270908     /usr/lib/jvm/java-6-openjdk/jre/lib/ext/pulse-java.jar
b77e2000-b77ea000 rw-s 00000000 08:01 3276993    /tmp/hsperfdata_pieter/28400
b77ea000-b77eb000 rw-p 00000000 00:00 0 
b77eb000-b77ec000 r--p 00000000 00:00 0 
b77ec000-b77ee000 rw-p 00000000 00:00 0 
bf924000-bf939000 rw-p 00000000 00:00 0          [stack]

VM Arguments:
jvm_args: -Dfile.encoding=UTF-8 
java_command: HelioPlot.Main
Launcher Type: SUN_STANDARD

Environment Variables:
PATH=/usr/local/sbin:/usr/local/bin:/usr/sbin:/usr/bin:/sbin:/bin:/usr/games
USERNAME=pieter
LD_LIBRARY_PATH=/usr/lib/jvm/java-6-openjdk/jre/lib/i386/client:/usr/lib/jvm/java-6-openjdk/jre/lib/i386:/usr/lib/jvm/java-6-openjdk/jre/../lib/i386
SHELL=/bin/bash
DISPLAY=:0.0

Signal Handlers:
SIGSEGV: [libjvm.so+0x393ce0], sa_mask[0]=0x7ffbfeff, sa_flags=0x10000004
SIGBUS: [libjvm.so+0x393ce0], sa_mask[0]=0x7ffbfeff, sa_flags=0x10000004
SIGFPE: [libjvm.so+0x2c2be0], sa_mask[0]=0x7ffbfeff, sa_flags=0x10000004
SIGPIPE: [libjvm.so+0x2c2be0], sa_mask[0]=0x7ffbfeff, sa_flags=0x10000004
SIGXFSZ: [libjvm.so+0x2c2be0], sa_mask[0]=0x7ffbfeff, sa_flags=0x10000004
SIGILL: [libjvm.so+0x2c2be0], sa_mask[0]=0x7ffbfeff, sa_flags=0x10000004
SIGUSR1: SIG_DFL, sa_mask[0]=0x00000000, sa_flags=0x00000000
SIGUSR2: [libjvm.so+0x2c22c0], sa_mask[0]=0x00000004, sa_flags=0x10000004
SIGHUP: [libjvm.so+0x2c4970], sa_mask[0]=0x7ffbfeff, sa_flags=0x10000004
SIGINT: SIG_IGN, sa_mask[0]=0x00000000, sa_flags=0x00000000
SIGTERM: [libjvm.so+0x2c4970], sa_mask[0]=0x7ffbfeff, sa_flags=0x10000004
SIGQUIT: [libjvm.so+0x2c4970], sa_mask[0]=0x7ffbfeff, sa_flags=0x10000004


---------------  S Y S T E M  ---------------

OS:Ubuntu 9.10 (karmic)
uname:Linux 2.6.31-20-generic #58-Ubuntu SMP Fri Mar 12 05:23:09 UTC 2010 i686
libc:glibc 2.10.1 NPTL 2.10.1 
rlimit: STACK 8192k, CORE 0k, NPROC infinity, NOFILE 1024, AS infinity
load average:0.99 0.69 0.43

CPU:total 2 (2 cores per cpu, 1 threads per core) family 15 model 104 stepping 1, cmov, cx8, fxsr, mmx, sse, sse2, sse3, mmxext, 3dnow, 3dnowext

Memory: 4k page, physical 896840k(34968k free), swap 2626588k(2371248k free)

vm_info: OpenJDK Client VM (14.0-b16) for linux-x86 JRE (1.6.0_0-b16), built on Apr  4 2010 20:02:50 by "buildd" with gcc 4.4.1

time: Fri Apr 30 15:23:05 2010
elapsed time: 0 seconds

